Determining if the pthread_create exist failed with the following output:
Change Dir: /home/yunfei/Projects/robotAutonomy/CameraCalibration/build/CMakeFiles/CMakeTmp

Run Build Command:"/usr/bin/make" "cmTC_f38cd/fast"
/usr/bin/make -f CMakeFiles/cmTC_f38cd.dir/build.make CMakeFiles/cmTC_f38cd.dir/build
make[1]: Entering directory '/home/yunfei/Projects/robotAutonomy/CameraCalibration/build/CMakeFiles/CMakeTmp'
Building C object CMakeFiles/cmTC_f38cd.dir/CheckSymbolExists.c.o
/usr/bin/cc     -o CMakeFiles/cmTC_f38cd.dir/CheckSymbolExists.c.o   -c /home/yunfei/Projects/robotAutonomy/CameraCalibration/build/CMakeFiles/CMakeTmp/CheckSymbolExists.c
Linking C executable cmTC_f38cd
/usr/bin/cmake -E cmake_link_script CMakeFiles/cmTC_f38cd.dir/link.txt --verbose=1
/usr/bin/cc       CMakeFiles/cmTC_f38cd.dir/CheckSymbolExists.c.o  -o cmTC_f38cd -rdynamic 
CMakeFiles/cmTC_f38cd.dir/CheckSymbolExists.c.o: In function `main':
CheckSymbolExists.c:(.text+0x16): undefined reference to `pthread_create'
collect2: error: ld returned 1 exit status
CMakeFiles/cmTC_f38cd.dir/build.make:97: recipe for target 'cmTC_f38cd' failed
make[1]: *** [cmTC_f38cd] Error 1
make[1]: Leaving directory '/home/yunfei/Projects/robotAutonomy/CameraCalibration/build/CMakeFiles/CMakeTmp'
Makefile:126: recipe for target 'cmTC_f38cd/fast' failed
make: *** [cmTC_f38cd/fast] Error 2

File /home/yunfei/Projects/robotAutonomy/CameraCalibration/build/CMakeFiles/CMakeTmp/CheckSymbolExists.c:
/* */
#include <pthread.h>

int main(int argc, char** argv)
{
  (void)argv;
#ifndef pthread_create
  return ((int*)(&pthread_create))[argc];
#else
  (void)argc;
  return 0;
#endif
}

Determining if the function pthread_create exists in the pthreads failed with the following output:
Change Dir: /home/yunfei/Projects/robotAutonomy/CameraCalibration/build/CMakeFiles/CMakeTmp

Run Build Command:"/usr/bin/make" "cmTC_9c75f/fast"
/usr/bin/make -f CMakeFiles/cmTC_9c75f.dir/build.make CMakeFiles/cmTC_9c75f.dir/build
make[1]: Entering directory '/home/yunfei/Projects/robotAutonomy/CameraCalibration/build/CMakeFiles/CMakeTmp'
Building C object CMakeFiles/cmTC_9c75f.dir/CheckFunctionExists.c.o
/usr/bin/cc    -DCHECK_FUNCTION_EXISTS=pthread_create   -o CMakeFiles/cmTC_9c75f.dir/CheckFunctionExists.c.o   -c /usr/share/cmake-3.5/Modules/CheckFunctionExists.c
Linking C executable cmTC_9c75f
/usr/bin/cmake -E cmake_link_script CMakeFiles/cmTC_9c75f.dir/link.txt --verbose=1
/usr/bin/cc   -DCHECK_FUNCTION_EXISTS=pthread_create    CMakeFiles/cmTC_9c75f.dir/CheckFunctionExists.c.o  -o cmTC_9c75f -rdynamic -lpthreads 
/usr/bin/ld: cannot find -lpthreads
collect2: error: ld returned 1 exit status
CMakeFiles/cmTC_9c75f.dir/build.make:97: recipe for target 'cmTC_9c75f' failed
make[1]: *** [cmTC_9c75f] Error 1
make[1]: Leaving directory '/home/yunfei/Projects/robotAutonomy/CameraCalibration/build/CMakeFiles/CMakeTmp'
Makefile:126: recipe for target 'cmTC_9c75f/fast' failed
make: *** [cmTC_9c75f/fast] Error 2


